Started by user fuzzyfox
[Pipeline] Start of Pipeline
[Pipeline] node
Running on Jenkins in /var/lib/jenkins/workspace/pipeline
[Pipeline] {
[Pipeline] stage
[Pipeline] { (Declarative: Tool Install)
[Pipeline] tool
[Pipeline] envVarsForTool
[Pipeline] tool
[Pipeline] envVarsForTool
[Pipeline] }
[Pipeline] // stage
[Pipeline] withEnv
[Pipeline] {
[Pipeline] stage
[Pipeline] { (Fetch code)
[Pipeline] tool
[Pipeline] envVarsForTool
[Pipeline] tool
[Pipeline] envVarsForTool
[Pipeline] withEnv
[Pipeline] {
[Pipeline] git
The recommended git tool is: NONE
No credentials specified
 > git rev-parse --resolve-git-dir /var/lib/jenkins/workspace/pipeline/.git # timeout=10
Fetching changes from the remote Git repository
 > git config remote.origin.url https://github.com/hkhcoder/vprofile-project.git # timeout=10
Fetching upstream changes from https://github.com/hkhcoder/vprofile-project.git
 > git --version # timeout=10
 > git --version # 'git version 2.43.0'
 > git fetch --tags --force --progress -- https://github.com/hkhcoder/vprofile-project.git +refs/heads/*:refs/remotes/origin/* # timeout=10
 > git rev-parse refs/remotes/origin/atom^{commit} # timeout=10
Checking out Revision 72a67c87ab137680d800d22d4c288925a5489b06 (refs/remotes/origin/atom)
 > git config core.sparsecheckout # timeout=10
 > git checkout -f 72a67c87ab137680d800d22d4c288925a5489b06 # timeout=10
 > git branch -a -v --no-abbrev # timeout=10
 > git branch -D atom # timeout=10
 > git checkout -b atom 72a67c87ab137680d800d22d4c288925a5489b06 # timeout=10
Commit message: "Update UserControllerTest.java"
 > git rev-list --no-walk 72a67c87ab137680d800d22d4c288925a5489b06 # timeout=10
[Pipeline] }
[Pipeline] // withEnv
[Pipeline] }
[Pipeline] // stage
[Pipeline] stage
[Pipeline] { (Build)
[Pipeline] tool
[Pipeline] envVarsForTool
[Pipeline] tool
[Pipeline] envVarsForTool
[Pipeline] withEnv
[Pipeline] {
[Pipeline] sh
+ mvn install -DskipTests
[INFO] Scanning for projects...
[INFO] 
[INFO] ---------------------< com.visualpathit:vprofile >----------------------
[INFO] Building Visualpathit VProfile Webapp v2
[INFO]   from pom.xml
[INFO] --------------------------------[ war ]---------------------------------
[WARNING] The artifact org.hibernate:hibernate-validator:jar:6.2.0.Final has been relocated to org.hibernate.validator:hibernate-validator:jar:6.2.0.Final
[WARNING] The artifact mysql:mysql-connector-java:jar:8.0.33 has been relocated to com.mysql:mysql-connector-j:jar:8.0.33: MySQL Connector/J artifacts moved to reverse-DNS compliant Maven 2+ coordinates.
[INFO] 
[INFO] --- resources:3.3.1:resources (default-resources) @ vprofile ---
[WARNING] Using platform encoding (UTF-8 actually) to copy filtered resources, i.e. build is platform dependent!
[INFO] Copying 5 resources from src/main/resources to target/classes
[INFO] 
[INFO] --- jacoco:0.8.9:prepare-agent (jacoco-initialize) @ vprofile ---
[INFO] argLine set to -javaagent:/var/lib/jenkins/.m2/repository/org/jacoco/org.jacoco.agent/0.8.9/org.jacoco.agent-0.8.9-runtime.jar=destfile=/var/lib/jenkins/workspace/pipeline/target/jacoco.exec
[INFO] 
[INFO] --- compiler:3.13.0:compile (default-compile) @ vprofile ---
[INFO] Nothing to compile - all classes are up to date.
[INFO] 
[INFO] --- resources:3.3.1:testResources (default-testResources) @ vprofile ---
[WARNING] Using platform encoding (UTF-8 actually) to copy filtered resources, i.e. build is platform dependent!
[INFO] skip non existing resourceDirectory /var/lib/jenkins/workspace/pipeline/src/test/resources
[INFO] 
[INFO] --- compiler:3.13.0:testCompile (default-testCompile) @ vprofile ---
[INFO] Nothing to compile - all classes are up to date.
[INFO] 
[INFO] --- surefire:3.2.5:test (default-test) @ vprofile ---
[INFO] Tests are skipped.
[INFO] 
[INFO] --- war:3.4.0:war (default-war) @ vprofile ---
[INFO] Packaging webapp
[INFO] Assembling webapp [vprofile] in [/var/lib/jenkins/workspace/pipeline/target/vprofile-v2]
[INFO] Processing war project
[INFO] Copying webapp resources [/var/lib/jenkins/workspace/pipeline/src/main/webapp]
[INFO] Building war: /var/lib/jenkins/workspace/pipeline/target/vprofile-v2.war
[INFO] 
[INFO] --- jacoco:0.8.9:report (jacoco-site) @ vprofile ---
[INFO] Loading execution data file /var/lib/jenkins/workspace/pipeline/target/jacoco.exec
[INFO] Analyzed bundle 'Visualpathit VProfile Webapp' with 19 classes
[INFO] 
[INFO] --- install:3.1.2:install (default-install) @ vprofile ---
[INFO] Installing /var/lib/jenkins/workspace/pipeline/pom.xml to /var/lib/jenkins/.m2/repository/com/visualpathit/vprofile/v2/vprofile-v2.pom
[INFO] Installing /var/lib/jenkins/workspace/pipeline/target/vprofile-v2.war to /var/lib/jenkins/.m2/repository/com/visualpathit/vprofile/v2/vprofile-v2.war
[INFO] ------------------------------------------------------------------------
[INFO] BUILD SUCCESS
[INFO] ------------------------------------------------------------------------
[INFO] Total time:  10.152 s
[INFO] Finished at: 2025-12-22T11:17:48Z
[INFO] ------------------------------------------------------------------------
Post stage
[Pipeline] echo
Archining artifact
[Pipeline] archiveArtifacts
Archiving artifacts
[Pipeline] }
[Pipeline] // withEnv
[Pipeline] }
[Pipeline] // stage
[Pipeline] stage
[Pipeline] { (Unit test)
[Pipeline] tool
[Pipeline] envVarsForTool
[Pipeline] tool
[Pipeline] envVarsForTool
[Pipeline] withEnv
[Pipeline] {
[Pipeline] sh
+ mvn test
[INFO] Scanning for projects...
[INFO] 
[INFO] ---------------------< com.visualpathit:vprofile >----------------------
[INFO] Building Visualpathit VProfile Webapp v2
[INFO]   from pom.xml
[INFO] --------------------------------[ war ]---------------------------------
[WARNING] The artifact org.hibernate:hibernate-validator:jar:6.2.0.Final has been relocated to org.hibernate.validator:hibernate-validator:jar:6.2.0.Final
[WARNING] The artifact mysql:mysql-connector-java:jar:8.0.33 has been relocated to com.mysql:mysql-connector-j:jar:8.0.33: MySQL Connector/J artifacts moved to reverse-DNS compliant Maven 2+ coordinates.
[INFO] 
[INFO] --- resources:3.3.1:resources (default-resources) @ vprofile ---
[WARNING] Using platform encoding (UTF-8 actually) to copy filtered resources, i.e. build is platform dependent!
[INFO] Copying 5 resources from src/main/resources to target/classes
[INFO] 
[INFO] --- jacoco:0.8.9:prepare-agent (jacoco-initialize) @ vprofile ---
[INFO] argLine set to -javaagent:/var/lib/jenkins/.m2/repository/org/jacoco/org.jacoco.agent/0.8.9/org.jacoco.agent-0.8.9-runtime.jar=destfile=/var/lib/jenkins/workspace/pipeline/target/jacoco.exec
[INFO] 
[INFO] --- compiler:3.13.0:compile (default-compile) @ vprofile ---
[INFO] Nothing to compile - all classes are up to date.
[INFO] 
[INFO] --- resources:3.3.1:testResources (default-testResources) @ vprofile ---
[WARNING] Using platform encoding (UTF-8 actually) to copy filtered resources, i.e. build is platform dependent!
[INFO] skip non existing resourceDirectory /var/lib/jenkins/workspace/pipeline/src/test/resources
[INFO] 
[INFO] --- compiler:3.13.0:testCompile (default-testCompile) @ vprofile ---
[INFO] Nothing to compile - all classes are up to date.
[INFO] 
[INFO] --- surefire:3.2.5:test (default-test) @ vprofile ---
[INFO] Using auto detected provider org.apache.maven.surefire.junitplatform.JUnitPlatformProvider
[INFO] 
[INFO] -------------------------------------------------------
[INFO]  T E S T S
[INFO] -------------------------------------------------------
[INFO] 
[INFO] Results:
[INFO] 
[INFO] Tests run: 0, Failures: 0, Errors: 0, Skipped: 0
[INFO] 
[INFO] ------------------------------------------------------------------------
[INFO] BUILD SUCCESS
[INFO] ------------------------------------------------------------------------
[INFO] Total time:  6.358 s
[INFO] Finished at: 2025-12-22T11:17:58Z
[INFO] ------------------------------------------------------------------------
[Pipeline] }
[Pipeline] // withEnv
[Pipeline] }
[Pipeline] // stage
[Pipeline] stage
[Pipeline] { (CheckStyle analysis)
[Pipeline] tool
[Pipeline] envVarsForTool
[Pipeline] tool
[Pipeline] envVarsForTool
[Pipeline] withEnv
[Pipeline] {
[Pipeline] sh
+ mvn checkstyle:checkstyle
[INFO] Scanning for projects...
[INFO] 
[INFO] ---------------------< com.visualpathit:vprofile >----------------------
[INFO] Building Visualpathit VProfile Webapp v2
[INFO]   from pom.xml
[INFO] --------------------------------[ war ]---------------------------------
[WARNING] The artifact org.hibernate:hibernate-validator:jar:6.2.0.Final has been relocated to org.hibernate.validator:hibernate-validator:jar:6.2.0.Final
[WARNING] The artifact mysql:mysql-connector-java:jar:8.0.33 has been relocated to com.mysql:mysql-connector-j:jar:8.0.33: MySQL Connector/J artifacts moved to reverse-DNS compliant Maven 2+ coordinates.
[INFO] 
[INFO] --- checkstyle:3.6.0:checkstyle (default-cli) @ vprofile ---
[INFO] Rendering content with org.apache.maven.skins:maven-fluido-skin:jar:2.0.0-M9 skin
[INFO] There are 641 errors reported by Checkstyle 9.3 with sun_checks.xml ruleset.
[WARNING] Unable to locate Source XRef to link to -- DISABLED
[WARNING] Unable to locate Test Source XRef to link to -- DISABLED
[INFO] ------------------------------------------------------------------------
[INFO] BUILD SUCCESS
[INFO] ------------------------------------------------------------------------
[INFO] Total time:  8.247 s
[INFO] Finished at: 2025-12-22T11:18:10Z
[INFO] ------------------------------------------------------------------------
[Pipeline] }
[Pipeline] // withEnv
[Pipeline] }
[Pipeline] // stage
[Pipeline] stage
[Pipeline] { (Sonar code analysis)
[Pipeline] tool
[Pipeline] withEnv
[Pipeline] {
[Pipeline] tool
[Pipeline] envVarsForTool
[Pipeline] tool
[Pipeline] envVarsForTool
[Pipeline] withEnv
[Pipeline] {
[Pipeline] withSonarQubeEnv
Injecting SonarQube environment variables using the configuration: sonarserver
[Pipeline] {
[Pipeline] sh
+ /var/lib/jenkins/tools/hudson.plugins.sonar.SonarRunnerInstallation/sonar6.2/bin/sonar-scanner -Dsonar.projectKey=vprofile -Dsonar.projectName=vprofile-repo -Dsonar.projectVersion=1.0 -Dsonar.sources=src/ -Dsonar.java.binaries=target/test-classes/com/visualpathit/account/controllerTest/ -Dsonar.junit.reportsPath=target/surefire-reports/ -Dsonar.jacoco.reportsPath=target/jacoco.exec -Dsonar.java.checkstyle.reportPaths=target/checkstyle-result.xml
11:18:12.158 INFO  Scanner configuration file: /var/lib/jenkins/tools/hudson.plugins.sonar.SonarRunnerInstallation/sonar6.2/conf/sonar-scanner.properties
11:18:12.169 INFO  Project root configuration file: NONE
11:18:12.193 INFO  SonarScanner CLI 6.2.1.4610
11:18:12.196 INFO  Java 17.0.17 Ubuntu (64-bit)
11:18:12.200 INFO  Linux 6.14.0-1015-aws amd64
11:18:12.265 INFO  User cache: /var/lib/jenkins/.sonar/cache
11:18:14.291 INFO  Communicating with SonarQube Server 9.9.8.100196
11:18:15.226 INFO  Load global settings
11:18:15.378 INFO  Load global settings (done) | time=152ms
11:18:15.380 INFO  Server id: 86E1FA4D-AZtFQkjv70CL5Sbk8iCe
11:18:15.386 INFO  User cache: /var/lib/jenkins/.sonar/cache
11:18:15.395 INFO  Load/download plugins
11:18:15.395 INFO  Load plugins index
11:18:15.484 INFO  Load plugins index (done) | time=89ms
11:18:17.390 INFO  Load/download plugins (done) | time=1994ms
11:18:18.429 INFO  Process project properties
11:18:18.445 INFO  Process project properties (done) | time=16ms
11:18:18.449 INFO  Execute project builders
11:18:18.451 INFO  Execute project builders (done) | time=2ms
11:18:18.457 INFO  Project key: vprofile
11:18:18.460 INFO  Base dir: /var/lib/jenkins/workspace/pipeline
11:18:18.460 INFO  Working dir: /var/lib/jenkins/workspace/pipeline/.scannerwork
11:18:18.476 INFO  Load project settings for component key: 'vprofile'
11:18:18.820 INFO  Auto-configuring with CI 'Jenkins'
11:18:18.829 INFO  Load quality profiles
11:18:18.916 INFO  Load quality profiles (done) | time=87ms
11:18:18.929 INFO  Load active rules
11:18:20.988 INFO  Load active rules (done) | time=2059ms
11:18:20.997 INFO  Load analysis cache
11:18:21.009 INFO  Load analysis cache (404) | time=12ms
11:18:21.113 INFO  Load project repositories
11:18:21.123 INFO  Load project repositories (done) | time=10ms
11:18:21.181 INFO  Indexing files...
11:18:21.182 INFO  Project configuration:
11:18:22.165 INFO  157 files indexed
11:18:22.166 INFO  0 files ignored because of scm ignore settings
11:18:22.170 INFO  Quality profile for css: Sonar way
11:18:22.171 INFO  Quality profile for java: Sonar way
11:18:22.171 INFO  Quality profile for js: Sonar way
11:18:22.171 INFO  Quality profile for jsp: Sonar way
11:18:22.171 INFO  Quality profile for xml: Sonar way
11:18:22.171 INFO  ------------- Run sensors on module vprofile-repo
11:18:22.371 INFO  Load metrics repository
11:18:22.431 INFO  Load metrics repository (done) | time=60ms
11:18:25.184 INFO  Sensor JavaSensor [java]
11:18:25.194 INFO  Configured Java source version (sonar.java.source): none
11:18:25.201 INFO  JavaClasspath initialization
11:18:25.206 INFO  JavaClasspath initialization (done) | time=5ms
11:18:25.207 INFO  JavaTestClasspath initialization
11:18:25.208 INFO  JavaTestClasspath initialization (done) | time=1ms
11:18:25.227 INFO  Server-side caching is enabled. The Java analyzer will not try to leverage data from a previous analysis.
11:18:25.234 INFO  Using ECJ batch to parse 30 Main java source files with batch size 24 KB.
11:18:25.509 INFO  Starting batch processing.
11:18:26.622 INFO  The Java analyzer cannot skip unchanged files in this context. A full analysis is performed for all files.
11:18:31.267 INFO  100% analyzed
11:18:31.267 INFO  Batch processing: Done.
11:18:31.267 INFO  Did not optimize analysis for any files, performed a full analysis for all 30 files.
11:18:31.273 WARN  Dependencies/libraries were not provided for analysis of SOURCE files. The 'sonar.java.libraries' property is empty. Verify your configuration, as you might end up with less precise results.
11:18:31.275 WARN  Unresolved imports/types have been detected during analysis. Enable DEBUG mode to see them.
11:18:31.276 WARN  Use of preview features have been detected during analysis. Enable DEBUG mode to see them.
11:18:31.277 INFO  No "Test" source files to scan.
11:18:31.277 INFO  No "Generated" source files to scan.
11:18:31.277 INFO  Sensor JavaSensor [java] (done) | time=6093ms
11:18:31.277 INFO  Sensor JaCoCo XML Report Importer [jacoco]
11:18:31.279 INFO  'sonar.coverage.jacoco.xmlReportPaths' is not defined. Using default locations: target/site/jacoco/jacoco.xml,target/site/jacoco-it/jacoco.xml,build/reports/jacoco/test/jacocoTestReport.xml
11:18:31.290 INFO  Importing 1 report(s). Turn your logs in debug mode in order to see the exhaustive list.
11:18:31.427 INFO  Sensor JaCoCo XML Report Importer [jacoco] (done) | time=150ms
11:18:31.429 INFO  Sensor JavaScript analysis [javascript]
11:18:34.763 ERROR Error when running: 'node -v'. Is Node.js available during analysis?
org.sonarsource.nodejs.NodeCommandException: Error when running: 'node -v'. Is Node.js available during analysis?
	at org.sonarsource.nodejs.NodeCommand.start(NodeCommand.java:79)
	at org.sonarsource.nodejs.NodeCommandBuilderImpl.getVersion(NodeCommandBuilderImpl.java:203)
	at org.sonarsource.nodejs.NodeCommandBuilderImpl.checkNodeCompatibility(NodeCommandBuilderImpl.java:169)
	at org.sonarsource.nodejs.NodeCommandBuilderImpl.build(NodeCommandBuilderImpl.java:143)
	at org.sonar.plugins.javascript.eslint.EslintBridgeServerImpl.initNodeCommand(EslintBridgeServerImpl.java:201)
	at org.sonar.plugins.javascript.eslint.EslintBridgeServerImpl.startServer(EslintBridgeServerImpl.java:142)
	at org.sonar.plugins.javascript.eslint.EslintBridgeServerImpl.startServerLazily(EslintBridgeServerImpl.java:233)
	at org.sonar.plugins.javascript.eslint.AbstractEslintSensor.execute(AbstractEslintSensor.java:68)
	at org.sonar.scanner.sensor.AbstractSensorWrapper.analyse(AbstractSensorWrapper.java:64)
	at org.sonar.scanner.sensor.ModuleSensorsExecutor.execute(ModuleSensorsExecutor.java:88)
	at org.sonar.scanner.sensor.ModuleSensorsExecutor.lambda$execute$1(ModuleSensorsExecutor.java:61)
	at org.sonar.scanner.sensor.ModuleSensorsExecutor.withModuleStrategy(ModuleSensorsExecutor.java:79)
	at org.sonar.scanner.sensor.ModuleSensorsExecutor.execute(ModuleSensorsExecutor.java:61)
	at org.sonar.scanner.scan.SpringModuleScanContainer.doAfterStart(SpringModuleScanContainer.java:82)
	at org.sonar.core.platform.SpringComponentContainer.startComponents(SpringComponentContainer.java:188)
	at org.sonar.core.platform.SpringComponentContainer.execute(SpringComponentContainer.java:167)
	at org.sonar.scanner.scan.SpringProjectScanContainer.scan(SpringProjectScanContainer.java:403)
	at org.sonar.scanner.scan.SpringProjectScanContainer.scanRecursively(SpringProjectScanContainer.java:399)
	at org.sonar.scanner.scan.SpringProjectScanContainer.doAfterStart(SpringProjectScanContainer.java:368)
	at org.sonar.core.platform.SpringComponentContainer.startComponents(SpringComponentContainer.java:188)
	at org.sonar.core.platform.SpringComponentContainer.execute(SpringComponentContainer.java:167)
	at org.sonar.scanner.bootstrap.SpringGlobalContainer.doAfterStart(SpringGlobalContainer.java:137)
	at org.sonar.core.platform.SpringComponentContainer.startComponents(SpringComponentContainer.java:188)
	at org.sonar.core.platform.SpringComponentContainer.execute(SpringComponentContainer.java:167)
	at org.sonar.batch.bootstrapper.Batch.doExecute(Batch.java:72)
	at org.sonar.batch.bootstrapper.Batch.execute(Batch.java:66)
	at org.sonarsource.scanner.lib.internal.batch.BatchIsolatedLauncher.execute(BatchIsolatedLauncher.java:41)
	at java.base/jdk.internal.reflect.NativeMethodAccessorImpl.invoke0(Native Method)
	at java.base/jdk.internal.reflect.NativeMethodAccessorImpl.invoke(NativeMethodAccessorImpl.java:77)
	at java.base/jdk.internal.reflect.DelegatingMethodAccessorImpl.invoke(DelegatingMethodAccessorImpl.java:43)
	at java.base/java.lang.reflect.Method.invoke(Method.java:569)
	at org.sonarsource.scanner.lib.internal.IsolatedLauncherProxy.invoke(IsolatedLauncherProxy.java:62)
	at jdk.proxy3/jdk.proxy3.$Proxy2.execute(Unknown Source)
	at org.sonarsource.scanner.lib.InProcessScannerEngineFacade.doAnalyze(InProcessScannerEngineFacade.java:39)
	at org.sonarsource.scanner.lib.ScannerEngineFacade.analyze(ScannerEngineFacade.java:61)
	at org.sonarsource.scanner.cli.Main.analyze(Main.java:77)
	at org.sonarsource.scanner.cli.Main.main(Main.java:63)
Caused by: java.io.IOException: Cannot run program "node": error=2, No such file or directory
	at java.base/java.lang.ProcessBuilder.start(ProcessBuilder.java:1143)
	at java.base/java.lang.ProcessBuilder.start(ProcessBuilder.java:1073)
	at org.sonarsource.nodejs.ProcessWrapperImpl.startProcess(ProcessWrapperImpl.java:39)
	at org.sonarsource.nodejs.NodeCommand.start(NodeCommand.java:77)
	... 36 common frames omitted
Caused by: java.io.IOException: error=2, No such file or directory
	at java.base/java.lang.ProcessImpl.forkAndExec(Native Method)
	at java.base/java.lang.ProcessImpl.<init>(ProcessImpl.java:314)
	at java.base/java.lang.ProcessImpl.start(ProcessImpl.java:244)
	at java.base/java.lang.ProcessBuilder.start(ProcessBuilder.java:1110)
	... 39 common frames omitted

11:18:34.765 INFO  Hit the cache for 0 out of 0
11:18:34.766 INFO  Miss the cache for 0 out of 0
11:18:34.766 INFO  Sensor JavaScript analysis [javascript] (done) | time=3337ms
11:18:34.766 INFO  Sensor TypeScript analysis [javascript]
11:18:34.768 INFO  No input files found for analysis
11:18:34.768 INFO  Hit the cache for 0 out of 0
11:18:34.768 INFO  Miss the cache for 0 out of 0
11:18:34.768 INFO  Sensor TypeScript analysis [javascript] (done) | time=2ms
11:18:34.768 INFO  Sensor CSS Rules [javascript]
11:18:34.771 INFO  Hit the cache for 0 out of 0
11:18:34.771 INFO  Miss the cache for 0 out of 0
11:18:34.771 INFO  Sensor CSS Rules [javascript] (done) | time=3ms
11:18:34.771 INFO  Sensor CSS Metrics [javascript]
11:18:35.474 INFO  Sensor CSS Metrics [javascript] (done) | time=702ms
11:18:35.475 INFO  Sensor C# Project Type Information [csharp]
11:18:35.478 INFO  Sensor C# Project Type Information [csharp] (done) | time=3ms
11:18:35.479 INFO  Sensor C# Analysis Log [csharp]
11:18:35.517 INFO  Sensor C# Analysis Log [csharp] (done) | time=38ms
11:18:35.518 INFO  Sensor C# Properties [csharp]
11:18:35.518 INFO  Sensor C# Properties [csharp] (done) | time=0ms
11:18:35.518 INFO  Sensor Import of Checkstyle issues [java]
11:18:35.522 INFO  Importing /var/lib/jenkins/workspace/pipeline/target/checkstyle-result.xml
11:18:35.811 INFO  Sensor Import of Checkstyle issues [java] (done) | time=293ms
11:18:35.812 INFO  Sensor SurefireSensor [java]
11:18:35.815 INFO  parsing [/var/lib/jenkins/workspace/pipeline/target/surefire-reports]
11:18:35.816 WARN  Reports path contains no files matching TEST-.*.xml : /var/lib/jenkins/workspace/pipeline/target/surefire-reports
11:18:35.816 INFO  Sensor SurefireSensor [java] (done) | time=4ms
11:18:35.816 INFO  Sensor HTML [web]
11:18:36.346 INFO  Sensor HTML [web] (done) | time=530ms
11:18:36.346 INFO  Sensor XML Sensor [xml]
11:18:36.357 INFO  7 source files to be analyzed
11:18:36.854 INFO  7/7 source files have been analyzed
11:18:36.854 INFO  Sensor XML Sensor [xml] (done) | time=508ms
11:18:36.854 INFO  Sensor TextAndSecretsSensor [text]
11:18:36.877 INFO  88 source files to be analyzed
11:18:37.160 INFO  88/88 source files have been analyzed
11:18:37.160 INFO  Sensor TextAndSecretsSensor [text] (done) | time=306ms
11:18:37.161 INFO  Sensor VB.NET Project Type Information [vbnet]
11:18:37.164 INFO  Sensor VB.NET Project Type Information [vbnet] (done) | time=3ms
11:18:37.165 INFO  Sensor VB.NET Analysis Log [vbnet]
11:18:37.205 INFO  Sensor VB.NET Analysis Log [vbnet] (done) | time=40ms
11:18:37.205 INFO  Sensor VB.NET Properties [vbnet]
11:18:37.205 INFO  Sensor VB.NET Properties [vbnet] (done) | time=0ms
11:18:37.206 INFO  Sensor IaC Docker Sensor [iac]
11:18:37.227 INFO  0 source files to be analyzed
11:18:37.352 INFO  0/0 source files have been analyzed
11:18:37.354 INFO  Sensor IaC Docker Sensor [iac] (done) | time=148ms
11:18:37.363 INFO  ------------- Run sensors on project
11:18:37.509 INFO  Sensor Analysis Warnings import [csharp]
11:18:37.509 INFO  Sensor Analysis Warnings import [csharp] (done) | time=1ms
11:18:37.509 INFO  Sensor Zero Coverage Sensor
11:18:37.523 INFO  Sensor Zero Coverage Sensor (done) | time=14ms
11:18:37.523 INFO  Sensor Java CPD Block Indexer
11:18:37.605 INFO  Sensor Java CPD Block Indexer (done) | time=82ms
11:18:37.610 INFO  SCM Publisher SCM provider for this project is: git
11:18:37.618 INFO  SCM Publisher 89 source files to be analyzed
11:18:39.495 INFO  SCM Publisher 89/89 source files have been analyzed (done) | time=1877ms
11:18:39.528 INFO  CPD Executor 11 files had no CPD blocks
11:18:39.529 INFO  CPD Executor Calculating CPD for 33 files
11:18:39.598 INFO  CPD Executor CPD calculation finished (done) | time=68ms
11:18:39.818 INFO  Analysis report generated in 200ms, dir size=1.4 MB
11:18:40.140 INFO  Analysis report compressed in 321ms, zip size=426.1 kB
11:18:40.452 INFO  Analysis report uploaded in 311ms
11:18:40.454 INFO  ANALYSIS SUCCESSFUL, you can find the results at: http://172.31.30.66/dashboard?id=vprofile
11:18:40.454 INFO  Note that you will be able to access the updated dashboard once the server has processed the submitted analysis report
11:18:40.455 INFO  More about the report processing at http://172.31.30.66/api/ce/task?id=AZtFyGgQ70CL5Sbk8r75
11:18:41.222 INFO  Analysis total time: 23.583 s
11:18:41.225 INFO  EXECUTION SUCCESS
11:18:41.226 INFO  Total time: 29.137s
[Pipeline] }
[Pipeline] // withSonarQubeEnv
[Pipeline] }
[Pipeline] // withEnv
[Pipeline] }
[Pipeline] // withEnv
[Pipeline] }
[Pipeline] // stage
[Pipeline] }
[Pipeline] // withEnv
[Pipeline] }
[Pipeline] // node
[Pipeline] End of Pipeline
Finished: SUCCESS
